Library/Bee/Android/Prj/Mono2x/Gradle/launcher/build/intermediates/manifest_merge_blame_file/release/manifest-merger-blame-release-report.txt
1<?xml version="1.0" encoding="utf-8"?>
2<manifest xmlns:android="http://schemas.android.com/apk/res/android"
3    package="com.yuzhennan.tetris"
4    android:installLocation="preferExternal"
5    android:versionCode="1"
6    android:versionName="1.0" >
7
8    <uses-sdk
9        android:minSdkVersion="22"
9-->src\main\AndroidManifest.xml
10        android:targetSdkVersion="35" />
10-->src\main\AndroidManifest.xml
11
12    <supports-screens
12-->src\main\AndroidManifest.xml:4:3-163
13        android:anyDensity="true"
13-->src\main\AndroidManifest.xml:4:135-160
14        android:largeScreens="true"
14-->src\main\AndroidManifest.xml:4:78-105
15        android:normalScreens="true"
15-->src\main\AndroidManifest.xml:4:49-77
16        android:smallScreens="true"
16-->src\main\AndroidManifest.xml:4:21-48
17        android:xlargeScreens="true" />
17-->src\main\AndroidManifest.xml:4:106-134
18
19    <uses-feature android:glEsVersion="0x00030000" />
19-->[:tuanjieLibrary] AndroidManifest.xml:8:5-54
19-->[:tuanjieLibrary] AndroidManifest.xml:8:19-51
20    <uses-feature
20-->[:tuanjieLibrary] AndroidManifest.xml:9:5-11:36
21        android:name="android.hardware.vulkan.version"
21-->[:tuanjieLibrary] AndroidManifest.xml:10:9-55
22        android:required="false" />
22-->[:tuanjieLibrary] AndroidManifest.xml:11:9-33
23    <uses-feature
23-->[:tuanjieLibrary] AndroidManifest.xml:12:5-14:36
24        android:name="android.hardware.touchscreen"
24-->[:tuanjieLibrary] AndroidManifest.xml:13:9-52
25        android:required="false" />
25-->[:tuanjieLibrary] AndroidManifest.xml:14:9-33
26    <uses-feature
26-->[:tuanjieLibrary] AndroidManifest.xml:15:5-17:36
27        android:name="android.hardware.touchscreen.multitouch"
27-->[:tuanjieLibrary] AndroidManifest.xml:16:9-63
28        android:required="false" />
28-->[:tuanjieLibrary] AndroidManifest.xml:17:9-33
29    <uses-feature
29-->[:tuanjieLibrary] AndroidManifest.xml:18:5-20:36
30        android:name="android.hardware.touchscreen.multitouch.distinct"
30-->[:tuanjieLibrary] AndroidManifest.xml:19:9-72
31        android:required="false" />
31-->[:tuanjieLibrary] AndroidManifest.xml:20:9-33
32
33    <application
33-->src\main\AndroidManifest.xml:3:3-83
34        android:enableOnBackInvokedCallback="true"
34-->[:tuanjieLibrary] AndroidManifest.xml:23:9-51
35        android:extractNativeLibs="true"
35-->[:tuanjieLibrary] AndroidManifest.xml:24:9-41
36        android:icon="@mipmap/app_icon"
36-->src\main\AndroidManifest.xml:3:49-80
37        android:label="@string/app_name" >
37-->src\main\AndroidManifest.xml:3:16-48
38        <meta-data
38-->[:tuanjieLibrary] AndroidManifest.xml:25:9-27:33
39            android:name="tuanjie.splash-mode"
39-->[:tuanjieLibrary] AndroidManifest.xml:26:13-47
40            android:value="0" />
40-->[:tuanjieLibrary] AndroidManifest.xml:27:13-30
41        <meta-data
41-->[:tuanjieLibrary] AndroidManifest.xml:28:9-30:36
42            android:name="tuanjie.splash-enable"
42-->[:tuanjieLibrary] AndroidManifest.xml:29:13-49
43            android:value="True" />
43-->[:tuanjieLibrary] AndroidManifest.xml:30:13-33
44        <meta-data
44-->[:tuanjieLibrary] AndroidManifest.xml:31:9-33:36
45            android:name="tuanjie.launch-fullscreen"
45-->[:tuanjieLibrary] AndroidManifest.xml:32:13-53
46            android:value="True" />
46-->[:tuanjieLibrary] AndroidManifest.xml:33:13-33
47        <meta-data
47-->[:tuanjieLibrary] AndroidManifest.xml:34:9-36:37
48            android:name="tuanjie.allow-resizable-window"
48-->[:tuanjieLibrary] AndroidManifest.xml:35:13-58
49            android:value="False" />
49-->[:tuanjieLibrary] AndroidManifest.xml:36:13-34
50        <meta-data
50-->[:tuanjieLibrary] AndroidManifest.xml:37:9-39:36
51            android:name="unity.render-outside-safearea"
51-->[:tuanjieLibrary] AndroidManifest.xml:38:13-57
52            android:value="True" />
52-->[:tuanjieLibrary] AndroidManifest.xml:39:13-33
53        <meta-data
53-->[:tuanjieLibrary] AndroidManifest.xml:40:9-42:50
54            android:name="notch.config"
54-->[:tuanjieLibrary] AndroidManifest.xml:41:13-40
55            android:value="portrait|landscape" />
55-->[:tuanjieLibrary] AndroidManifest.xml:42:13-47
56        <meta-data
56-->[:tuanjieLibrary] AndroidManifest.xml:43:9-45:36
57            android:name="tuanjie.auto-report-fully-drawn"
57-->[:tuanjieLibrary] AndroidManifest.xml:44:13-59
58            android:value="true" />
58-->[:tuanjieLibrary] AndroidManifest.xml:45:13-33
59
60        <activity
60-->[:tuanjieLibrary] AndroidManifest.xml:47:9-68:20
61            android:name="com.unity3d.player.UnityPlayerActivity"
61-->[:tuanjieLibrary] AndroidManifest.xml:48:13-66
62            android:configChanges="mcc|mnc|locale|touchscreen|keyboard|keyboardHidden|navigation|orientation|screenLayout|uiMode|screenSize|smallestScreenSize|fontScale|layoutDirection|density"
62-->[:tuanjieLibrary] AndroidManifest.xml:49:13-194
63            android:exported="true"
63-->[:tuanjieLibrary] AndroidManifest.xml:50:13-36
64            android:hardwareAccelerated="false"
64-->[:tuanjieLibrary] AndroidManifest.xml:51:13-48
65            android:launchMode="singleTask"
65-->[:tuanjieLibrary] AndroidManifest.xml:52:13-44
66            android:resizeableActivity="false"
66-->[:tuanjieLibrary] AndroidManifest.xml:53:13-47
67            android:screenOrientation="fullUser"
67-->[:tuanjieLibrary] AndroidManifest.xml:54:13-49
68            android:theme="@style/TuanjieThemeSelector" >
68-->[:tuanjieLibrary] AndroidManifest.xml:55:13-56
69            <intent-filter>
69-->[:tuanjieLibrary] AndroidManifest.xml:56:13-60:29
70                <category android:name="android.intent.category.LAUNCHER" />
70-->[:tuanjieLibrary] AndroidManifest.xml:57:17-77
70-->[:tuanjieLibrary] AndroidManifest.xml:57:27-74
71
72                <action android:name="android.intent.action.MAIN" />
72-->[:tuanjieLibrary] AndroidManifest.xml:59:17-69
72-->[:tuanjieLibrary] AndroidManifest.xml:59:25-66
73            </intent-filter>
74
75            <meta-data
75-->[:tuanjieLibrary] AndroidManifest.xml:62:13-64:40
76                android:name="unityplayer.UnityActivity"
76-->[:tuanjieLibrary] AndroidManifest.xml:63:17-57
77                android:value="true" />
77-->[:tuanjieLibrary] AndroidManifest.xml:64:17-37
78            <meta-data
78-->[:tuanjieLibrary] AndroidManifest.xml:65:13-67:40
79                android:name="notch_support"
79-->[:tuanjieLibrary] AndroidManifest.xml:66:17-45
80                android:value="true" />
80-->[:tuanjieLibrary] AndroidManifest.xml:67:17-37
81        </activity>
82    </application>
83
84</manifest>